<?xml version="1.0" encoding="UTF-8"?>
<!-- Generated by org.testng.reporters.JUnitReportReporter -->
<testsuite skipped="0" hostname="SP" name="xyz.NewTest" tests="1" failures="0" timestamp="2020-07-09T17:27:28 IST" time="0.025" errors="0">
  <testcase name="f" time="0.025" classname="xyz.NewTest"/>
</testsuite> <!-- xyz.NewTest -->
